\BOOKMARK [1][-]{section.1}{Introduction}{}% 1
\BOOKMARK [1][-]{section.2}{Feature: Backup-Restore}{}% 2
\BOOKMARK [2][-]{subsection.2.1}{User Story}{section.2}% 3
\BOOKMARK [2][-]{subsection.2.2}{Changelog}{section.2}% 4
\BOOKMARK [2][-]{subsection.2.3}{Screen-Shots}{section.2}% 5
\BOOKMARK [1][-]{section.3}{Feature: add option `add Subscription to Address book’ in the context menu of subscription list}{}% 6
\BOOKMARK [2][-]{subsection.3.1}{Introduction}{section.3}% 7
\BOOKMARK [2][-]{subsection.3.2}{User-Story}{section.3}% 8
\BOOKMARK [2][-]{subsection.3.3}{Change Log}{section.3}% 9
\BOOKMARK [2][-]{subsection.3.4}{Screenshots:}{section.3}% 10
\BOOKMARK [1][-]{section.4}{Feature: When replying to a message, populate the 'from' field}{}% 11
\BOOKMARK [2][-]{subsection.4.1}{Introduction}{section.4}% 12
\BOOKMARK [2][-]{subsection.4.2}{User-story:}{section.4}% 13
\BOOKMARK [2][-]{subsection.4.3}{Change Log:}{section.4}% 14
\BOOKMARK [2][-]{subsection.4.4}{Screenshots:}{section.4}% 15
\BOOKMARK [1][-]{section.5}{Feature: Windows Installer}{}% 16
\BOOKMARK [2][-]{subsection.5.1}{Introduction:}{section.5}% 17
\BOOKMARK [2][-]{subsection.5.2}{User Story}{section.5}% 18
\BOOKMARK [2][-]{subsection.5.3}{Changelog}{section.5}% 19
\BOOKMARK [2][-]{subsection.5.4}{Step-wise guide to installation}{section.5}% 20
