This is pdfTeX, Version 3.1415926-2.5-1.40.14 (TeX Live 2013) (format=pdflatex 2013.11.7)  11 DEC 2013 16:50
entering extended mode
 restricted \write18 enabled.
 %&-line parsing enabled.
**\input Final_Report.tex
(./Final_Report.tex
(/home/abrahamx91/Programs/texlive/2013/texmf-dist/tex/latex/base/article.cls
Document Class: article 2007/10/19 v1.4h Standard LaTeX document class
(/home/abrahamx91/Programs/texlive/2013/texmf-dist/tex/latex/base/size12.clo
File: size12.clo 2007/10/19 v1.4h Standard LaTeX file (size option)
)
\c@part=\count79
\c@section=\count80
\c@subsection=\count81
\c@subsubsection=\count82
\c@paragraph=\count83
\c@subparagraph=\count84
\c@figure=\count85
\c@table=\count86
\abovecaptionskip=\skip41
\belowcaptionskip=\skip42
\bibindent=\dimen102
)
(/home/abrahamx91/Programs/texlive/2013/texmf-dist/tex/latex/geometry/geometry.
sty
Package: geometry 2010/09/12 v5.6 Page Geometry

(/home/abrahamx91/Programs/texlive/2013/texmf-dist/tex/latex/graphics/keyval.st
y
Package: keyval 1999/03/16 v1.13 key=value parser (DPC)
\KV@toks@=\toks14
)
(/home/abrahamx91/Programs/texlive/2013/texmf-dist/tex/generic/oberdiek/ifpdf.s
ty
Package: ifpdf 2011/01/30 v2.3 Provides the ifpdf switch (HO)
Package ifpdf Info: pdfTeX in PDF mode is detected.
)
(/home/abrahamx91/Programs/texlive/2013/texmf-dist/tex/generic/oberdiek/ifvtex.
sty
Package: ifvtex 2010/03/01 v1.5 Detect VTeX and its facilities (HO)
Package ifvtex Info: VTeX not detected.
)
(/home/abrahamx91/Programs/texlive/2013/texmf-dist/tex/generic/ifxetex/ifxetex.
sty
Package: ifxetex 2010/09/12 v0.6 Provides ifxetex conditional
)
\Gm@cnth=\count87
\Gm@cntv=\count88
\c@Gm@tempcnt=\count89
\Gm@bindingoffset=\dimen103
\Gm@wd@mp=\dimen104
\Gm@odd@mp=\dimen105
\Gm@even@mp=\dimen106
\Gm@layoutwidth=\dimen107
\Gm@layoutheight=\dimen108
\Gm@layouthoffset=\dimen109
\Gm@layoutvoffset=\dimen110
\Gm@dimlist=\toks15
)
(/home/abrahamx91/Programs/texlive/2013/texmf-dist/tex/latex/booktabs/booktabs.
sty
Package: booktabs 2005/04/14 v1.61803 publication quality tables
\heavyrulewidth=\dimen111
\lightrulewidth=\dimen112
\cmidrulewidth=\dimen113
\belowrulesep=\dimen114
\belowbottomsep=\dimen115
\aboverulesep=\dimen116
\abovetopsep=\dimen117
\cmidrulesep=\dimen118
\cmidrulekern=\dimen119
\defaultaddspace=\dimen120
\@cmidla=\count90
\@cmidlb=\count91
\@aboverulesep=\dimen121
\@belowrulesep=\dimen122
\@thisruleclass=\count92
\@lastruleclass=\count93
\@thisrulewidth=\dimen123
)
(/home/abrahamx91/Programs/texlive/2013/texmf-dist/tex/latex/graphics/graphicx.
sty
Package: graphicx 1999/02/16 v1.0f Enhanced LaTeX Graphics (DPC,SPQR)

(/home/abrahamx91/Programs/texlive/2013/texmf-dist/tex/latex/graphics/graphics.
sty
Package: graphics 2009/02/05 v1.0o Standard LaTeX Graphics (DPC,SPQR)

(/home/abrahamx91/Programs/texlive/2013/texmf-dist/tex/latex/graphics/trig.sty
Package: trig 1999/03/16 v1.09 sin cos tan (DPC)
)
(/home/abrahamx91/Programs/texlive/2013/texmf-dist/tex/latex/latexconfig/graphi
cs.cfg
File: graphics.cfg 2010/04/23 v1.9 graphics configuration of TeX Live
)
Package graphics Info: Driver file: pdftex.def on input line 91.

(/home/abrahamx91/Programs/texlive/2013/texmf-dist/tex/latex/pdftex-def/pdftex.
def
File: pdftex.def 2011/05/27 v0.06d Graphics/color for pdfTeX

(/home/abrahamx91/Programs/texlive/2013/texmf-dist/tex/generic/oberdiek/infware
rr.sty
Package: infwarerr 2010/04/08 v1.3 Providing info/warning/error messages (HO)
)
(/home/abrahamx91/Programs/texlive/2013/texmf-dist/tex/generic/oberdiek/ltxcmds
.sty
Package: ltxcmds 2011/11/09 v1.22 LaTeX kernel commands for general use (HO)
)
\Gread@gobject=\count94
))
\Gin@req@height=\dimen124
\Gin@req@width=\dimen125
)
(/home/abrahamx91/Programs/texlive/2013/texmf-dist/tex/latex/amsmath/amsmath.st
y
Package: amsmath 2013/01/14 v2.14 AMS math features
\@mathmargin=\skip43

For additional information on amsmath, use the `?' option.

(/home/abrahamx91/Programs/texlive/2013/texmf-dist/tex/latex/amsmath/amstext.st
y
Package: amstext 2000/06/29 v2.01

(/home/abrahamx91/Programs/texlive/2013/texmf-dist/tex/latex/amsmath/amsgen.sty
File: amsgen.sty 1999/11/30 v2.0
\@emptytoks=\toks16
\ex@=\dimen126
))
(/home/abrahamx91/Programs/texlive/2013/texmf-dist/tex/latex/amsmath/amsbsy.sty
Package: amsbsy 1999/11/29 v1.2d
\pmbraise@=\dimen127
)
(/home/abrahamx91/Programs/texlive/2013/texmf-dist/tex/latex/amsmath/amsopn.sty
Package: amsopn 1999/12/14 v2.01 operator names
)
\inf@bad=\count95
LaTeX Info: Redefining \frac on input line 210.
\uproot@=\count96
\leftroot@=\count97
LaTeX Info: Redefining \overline on input line 306.
\classnum@=\count98
\DOTSCASE@=\count99
LaTeX Info: Redefining \ldots on input line 378.
LaTeX Info: Redefining \dots on input line 381.
LaTeX Info: Redefining \cdots on input line 466.
\Mathstrutbox@=\box26
\strutbox@=\box27
\big@size=\dimen128
LaTeX Font Info:    Redeclaring font encoding OML on input line 566.
LaTeX Font Info:    Redeclaring font encoding OMS on input line 567.
\macc@depth=\count100
\c@MaxMatrixCols=\count101
\dotsspace@=\muskip10
\c@parentequation=\count102
\dspbrk@lvl=\count103
\tag@help=\toks17
\row@=\count104
\column@=\count105
\maxfields@=\count106
\andhelp@=\toks18
\eqnshift@=\dimen129
\alignsep@=\dimen130
\tagshift@=\dimen131
\tagwidth@=\dimen132
\totwidth@=\dimen133
\lineht@=\dimen134
\@envbody=\toks19
\multlinegap=\skip44
\multlinetaggap=\skip45
\mathdisplay@stack=\toks20
LaTeX Info: Redefining \[ on input line 2665.
LaTeX Info: Redefining \] on input line 2666.
)
(/home/abrahamx91/Programs/texlive/2013/texmf-dist/tex/latex/amsfonts/amsfonts.
sty
Package: amsfonts 2013/01/14 v3.01 Basic AMSFonts support
\symAMSa=\mathgroup4
\symAMSb=\mathgroup5
LaTeX Font Info:    Overwriting math alphabet `\mathfrak' in version `bold'
(Font)                  U/euf/m/n --> U/euf/b/n on input line 106.
)
(/home/abrahamx91/Programs/texlive/2013/texmf-dist/tex/latex/hyperref/hyperref.
sty
Package: hyperref 2012/11/06 v6.83m Hypertext links for LaTeX

(/home/abrahamx91/Programs/texlive/2013/texmf-dist/tex/generic/oberdiek/hobsub-
hyperref.sty
Package: hobsub-hyperref 2012/05/28 v1.13 Bundle oberdiek, subset hyperref (HO)


(/home/abrahamx91/Programs/texlive/2013/texmf-dist/tex/generic/oberdiek/hobsub-
generic.sty
Package: hobsub-generic 2012/05/28 v1.13 Bundle oberdiek, subset generic (HO)
Package: hobsub 2012/05/28 v1.13 Construct package bundles (HO)
Package hobsub Info: Skipping package `infwarerr' (already loaded).
Package hobsub Info: Skipping package `ltxcmds' (already loaded).
Package: ifluatex 2010/03/01 v1.3 Provides the ifluatex switch (HO)
Package ifluatex Info: LuaTeX not detected.
Package hobsub Info: Skipping package `ifvtex' (already loaded).
Package: intcalc 2007/09/27 v1.1 Expandable calculations with integers (HO)
Package hobsub Info: Skipping package `ifpdf' (already loaded).
Package: etexcmds 2011/02/16 v1.5 Avoid name clashes with e-TeX commands (HO)
Package etexcmds Info: Could not find \expanded.
(etexcmds)             That can mean that you are not using pdfTeX 1.50 or
(etexcmds)             that some package has redefined \expanded.
(etexcmds)             In the latter case, load this package earlier.
Package: kvsetkeys 2012/04/25 v1.16 Key value parser (HO)
Package: kvdefinekeys 2011/04/07 v1.3 Define keys (HO)
Package: pdftexcmds 2011/11/29 v0.20 Utility functions of pdfTeX for LuaTeX (HO
)
Package pdftexcmds Info: LuaTeX not detected.
Package pdftexcmds Info: \pdf@primitive is available.
Package pdftexcmds Info: \pdf@ifprimitive is available.
Package pdftexcmds Info: \pdfdraftmode found.
Package: pdfescape 2011/11/25 v1.13 Implements pdfTeX's escape features (HO)
Package: bigintcalc 2012/04/08 v1.3 Expandable calculations on big integers (HO
)
Package: bitset 2011/01/30 v1.1 Handle bit-vector datatype (HO)
Package: uniquecounter 2011/01/30 v1.2 Provide unlimited unique counter (HO)
)
Package hobsub Info: Skipping package `hobsub' (already loaded).
Package: letltxmacro 2010/09/02 v1.4 Let assignment for LaTeX macros (HO)
Package: hopatch 2012/05/28 v1.2 Wrapper for package hooks (HO)
Package: xcolor-patch 2011/01/30 xcolor patch
Package: atveryend 2011/06/30 v1.8 Hooks at the very end of document (HO)
Package atveryend Info: \enddocument detected (standard20110627).
Package: atbegshi 2011/10/05 v1.16 At begin shipout hook (HO)
Package: refcount 2011/10/16 v3.4 Data extraction from label references (HO)
Package: hycolor 2011/01/30 v1.7 Color options for hyperref/bookmark (HO)
)
(/home/abrahamx91/Programs/texlive/2013/texmf-dist/tex/latex/oberdiek/auxhook.s
ty
Package: auxhook 2011/03/04 v1.3 Hooks for auxiliary files (HO)
)
(/home/abrahamx91/Programs/texlive/2013/texmf-dist/tex/latex/oberdiek/kvoptions
.sty
Package: kvoptions 2011/06/30 v3.11 Key value format for package options (HO)
)
\@linkdim=\dimen135
\Hy@linkcounter=\count107
\Hy@pagecounter=\count108

(/home/abrahamx91/Programs/texlive/2013/texmf-dist/tex/latex/hyperref/pd1enc.de
f
File: pd1enc.def 2012/11/06 v6.83m Hyperref: PDFDocEncoding definition (HO)
)
\Hy@SavedSpaceFactor=\count109

(/home/abrahamx91/Programs/texlive/2013/texmf-dist/tex/latex/latexconfig/hyperr
ef.cfg
File: hyperref.cfg 2002/06/06 v1.2 hyperref configuration of TeXLive
)
Package hyperref Info: Hyper figures OFF on input line 4443.
Package hyperref Info: Link nesting OFF on input line 4448.
Package hyperref Info: Hyper index ON on input line 4451.
Package hyperref Info: Plain pages OFF on input line 4458.
Package hyperref Info: Backreferencing OFF on input line 4463.
Package hyperref Info: Implicit mode ON; LaTeX internals redefined.
Package hyperref Info: Bookmarks ON on input line 4688.
\c@Hy@tempcnt=\count110

(/home/abrahamx91/Programs/texlive/2013/texmf-dist/tex/latex/url/url.sty
\Urlmuskip=\muskip11
Package: url 2006/04/12  ver 3.3  Verb mode for urls, etc.
)
LaTeX Info: Redefining \url on input line 5041.
\XeTeXLinkMargin=\dimen136
\Fld@menulength=\count111
\Field@Width=\dimen137
\Fld@charsize=\dimen138
Package hyperref Info: Hyper figures OFF on input line 6295.
Package hyperref Info: Link nesting OFF on input line 6300.
Package hyperref Info: Hyper index ON on input line 6303.
Package hyperref Info: backreferencing OFF on input line 6310.
Package hyperref Info: Link coloring OFF on input line 6315.
Package hyperref Info: Link coloring with OCG OFF on input line 6320.
Package hyperref Info: PDF/A mode OFF on input line 6325.
LaTeX Info: Redefining \ref on input line 6365.
LaTeX Info: Redefining \pageref on input line 6369.
\Hy@abspage=\count112
\c@Item=\count113
\c@Hfootnote=\count114
)

Package hyperref Message: Driver (autodetected): hpdftex.


(/home/abrahamx91/Programs/texlive/2013/texmf-dist/tex/latex/hyperref/hpdftex.d
ef
File: hpdftex.def 2012/11/06 v6.83m Hyperref driver for pdfTeX
\Fld@listcount=\count115
\c@bookmark@seq@number=\count116

(/home/abrahamx91/Programs/texlive/2013/texmf-dist/tex/latex/oberdiek/rerunfile
check.sty
Package: rerunfilecheck 2011/04/15 v1.7 Rerun checks for auxiliary files (HO)
Package uniquecounter Info: New unique counter `rerunfilecheck' on input line 2
82.
)
\Hy@SectionHShift=\skip46
)
(/home/abrahamx91/Programs/texlive/2013/texmf-dist/tex/latex/float/float.sty
Package: float 2001/11/08 v1.3d Float enhancements (AL)
\c@float@type=\count117
\float@exts=\toks21
\float@box=\box28
\@float@everytoks=\toks22
\@floatcapt=\box29
)
(./Final_Report.aux

LaTeX Warning: Label `fig:1' multiply defined.


LaTeX Warning: Label `fig:1' multiply defined.


LaTeX Warning: Label `fig:1' multiply defined.


LaTeX Warning: Label `fig:1' multiply defined.


LaTeX Warning: Label `fig:1' multiply defined.


LaTeX Warning: Label `fig:1' multiply defined.


LaTeX Warning: Label `fig:1' multiply defined.


LaTeX Warning: Label `fig:1' multiply defined.


LaTeX Warning: Label `fig:1' multiply defined.


LaTeX Warning: Label `fig:1' multiply defined.


LaTeX Warning: Label `fig:1' multiply defined.


LaTeX Warning: Label `fig:1' multiply defined.


LaTeX Warning: Label `fig:1' multiply defined.


LaTeX Warning: Label `fig:1' multiply defined.


LaTeX Warning: Label `fig:1' multiply defined.


LaTeX Warning: Label `fig:1' multiply defined.

)
\openout1 = `Final_Report.aux'.

LaTeX Font Info:    Checking defaults for OML/cmm/m/it on input line 28.
LaTeX Font Info:    ... okay on input line 28.
LaTeX Font Info:    Checking defaults for T1/cmr/m/n on input line 28.
LaTeX Font Info:    ... okay on input line 28.
LaTeX Font Info:    Checking defaults for OT1/cmr/m/n on input line 28.
LaTeX Font Info:    ... okay on input line 28.
LaTeX Font Info:    Checking defaults for OMS/cmsy/m/n on input line 28.
LaTeX Font Info:    ... okay on input line 28.
LaTeX Font Info:    Checking defaults for OMX/cmex/m/n on input line 28.
LaTeX Font Info:    ... okay on input line 28.
LaTeX Font Info:    Checking defaults for U/cmr/m/n on input line 28.
LaTeX Font Info:    ... okay on input line 28.
LaTeX Font Info:    Checking defaults for PD1/pdf/m/n on input line 28.
LaTeX Font Info:    ... okay on input line 28.

*geometry* driver: auto-detecting
*geometry* detected driver: pdftex
*geometry* verbose mode - [ preamble ] result:
* driver: pdftex
* paper: <default>
* layout: <same size as paper>
* layoutoffset:(h,v)=(0.0pt,0.0pt)
* modes: 
* h-part:(L,W,R)=(54.2025pt, 505.89pt, 54.2025pt)
* v-part:(T,H,B)=(54.2025pt, 686.56499pt, 54.2025pt)
* \paperwidth=614.295pt
* \paperheight=794.96999pt
* \textwidth=505.89pt
* \textheight=686.56499pt
* \oddsidemargin=-18.06749pt
* \evensidemargin=-18.06749pt
* \topmargin=-55.06749pt
* \headheight=12.0pt
* \headsep=25.0pt
* \topskip=12.0pt
* \footskip=30.0pt
* \marginparwidth=44.0pt
* \marginparsep=10.0pt
* \columnsep=10.0pt
* \skip\footins=10.8pt plus 4.0pt minus 2.0pt
* \hoffset=0.0pt
* \voffset=0.0pt
* \mag=1000
* \@twocolumnfalse
* \@twosidefalse
* \@mparswitchfalse
* \@reversemarginfalse
* (1in=72.27pt=25.4mm, 1cm=28.453pt)


(/home/abrahamx91/Programs/texlive/2013/texmf-dist/tex/context/base/supp-pdf.mk
ii
[Loading MPS to PDF converter (version 2006.09.02).]
\scratchcounter=\count118
\scratchdimen=\dimen139
\scratchbox=\box30
\nofMPsegments=\count119
\nofMParguments=\count120
\everyMPshowfont=\toks23
\MPscratchCnt=\count121
\MPscratchDim=\dimen140
\MPnumerator=\count122
\makeMPintoPDFobject=\count123
\everyMPtoPDFconversion=\toks24
)
(/home/abrahamx91/Programs/texlive/2013/texmf-dist/tex/latex/oberdiek/epstopdf-
base.sty
Package: epstopdf-base 2010/02/09 v2.5 Base part for package epstopdf

(/home/abrahamx91/Programs/texlive/2013/texmf-dist/tex/latex/oberdiek/grfext.st
y
Package: grfext 2010/08/19 v1.1 Manage graphics extensions (HO)
)
Package grfext Info: Graphics extension search list:
(grfext)             [.png,.pdf,.jpg,.mps,.jpeg,.jbig2,.jb2,.PNG,.PDF,.JPG,.JPE
G,.JBIG2,.JB2,.eps]
(grfext)             \AppendGraphicsExtensions on input line 452.

(/home/abrahamx91/Programs/texlive/2013/texmf-dist/tex/latex/latexconfig/epstop
df-sys.cfg
File: epstopdf-sys.cfg 2010/07/13 v1.3 Configuration of (r)epstopdf for TeX Liv
e
))
\AtBeginShipoutBox=\box31
Package hyperref Info: Link coloring OFF on input line 28.

(/home/abrahamx91/Programs/texlive/2013/texmf-dist/tex/latex/hyperref/nameref.s
ty
Package: nameref 2012/10/27 v2.43 Cross-referencing by name of section

(/home/abrahamx91/Programs/texlive/2013/texmf-dist/tex/generic/oberdiek/gettitl
estring.sty
Package: gettitlestring 2010/12/03 v1.4 Cleanup title references (HO)
)
\c@section@level=\count124
)
LaTeX Info: Redefining \ref on input line 28.
LaTeX Info: Redefining \pageref on input line 28.
LaTeX Info: Redefining \nameref on input line 28.
 (./Final_Report.out) (./Final_Report.out)
\@outlinefile=\write3
\openout3 = `Final_Report.out'.

LaTeX Font Info:    Try loading font information for U+msa on input line 30.

(/home/abrahamx91/Programs/texlive/2013/texmf-dist/tex/latex/amsfonts/umsa.fd
File: umsa.fd 2013/01/14 v3.01 AMS symbols A
)
LaTeX Font Info:    Try loading font information for U+msb on input line 30.

(/home/abrahamx91/Programs/texlive/2013/texmf-dist/tex/latex/amsfonts/umsb.fd
File: umsb.fd 2013/01/14 v3.01 AMS symbols B
)
Underfull \hbox (badness 10000) in paragraph at lines 45--52

 []

LaTeX Font Info:    Try loading font information for OMS+cmr on input line 57.
(/home/abrahamx91/Programs/texlive/2013/texmf-dist/tex/latex/base/omscmr.fd
File: omscmr.fd 1999/05/25 v2.5h Standard LaTeX font definitions
)
LaTeX Font Info:    Font shape `OMS/cmr/m/n' in size <12> not available
(Font)              Font shape `OMS/cmsy/m/n' tried instead on input line 57.

[1

{/home/abrahamx91/Programs/texlive/2013/texmf-var/fonts/map/pdftex/updmap/pdfte
x.map}]
Underfull \hbox (badness 10000) in paragraph at lines 62--63

 []

LaTeX Font Info:    Font shape `OMS/cmr/m/n' in size <14.4> not available
(Font)              Font shape `OMS/cmsy/m/n' tried instead on input line 70.
<2_gui_backup_restore.jpg, id=97, 304.13625pt x 317.68687pt>
File: 2_gui_backup_restore.jpg Graphic file (type jpg)

<use 2_gui_backup_restore.jpg>
Package pdftex.def Info: 2_gui_backup_restore.jpg used on input line 80.
(pdftex.def)             Requested size: 227.62827pt x 170.71942pt.
 [2]
<BakcupRestore.jpg, id=103, 317.68687pt x 231.11343pt>
File: BakcupRestore.jpg Graphic file (type jpg)
 <use BakcupRestore.jpg>
Package pdftex.def Info: BakcupRestore.jpg used on input line 88.
(pdftex.def)             Requested size: 227.62912pt x 170.71799pt.

<NewBackupRestoreDialogClass.jpg, id=104, 498.36188pt x 489.32813pt>
File: NewBackupRestoreDialogClass.jpg Graphic file (type jpg)

<use NewBackupRestoreDialogClass.jpg>
Package pdftex.def Info: NewBackupRestoreDialogClass.jpg used on input line 95.

(pdftex.def)             Requested size: 284.53308pt x 227.62482pt.
 [3pdfTeX warning (ext4): destination with the same identifier (name{figure.1})
 has been already used, duplicate ignored

\AtBegShi@Output ...ipout \box \AtBeginShipoutBox 
                                                  \fi \fi 
l.99 
     pdfTeX warning (ext4): destination with the same identifier (name{figure.2
}) has been already used, duplicate ignored

\AtBegShi@Output ...ipout \box \AtBeginShipoutBox 
                                                  \fi \fi 
l.99 
      <./2_gui_backup_restore.jpg> <./BakcupRestore.jpg>]
Missing character: There is no ‚ in font cmbx12!
Missing character: There is no Ä in font cmbx12!
Missing character: There is no ô in font cmbx12!
Missing character: There is no ‚ in font cmr12!
Missing character: There is no Ä in font cmr12!
Missing character: There is no ú in font cmr12!
Missing character: There is no ‚ in font cmr12!
Missing character: There is no Ä in font cmr12!
Missing character: There is no ù in font cmr12!
Missing character: There is no ‚ in font cmr12!
Missing character: There is no Ä in font cmr12!
Missing character: There is no ú in font cmr12!
Missing character: There is no ‚ in font cmr12!
Missing character: There is no Ä in font cmr12!
Missing character: There is no ù in font cmr12!
Missing character: There is no ‚ in font cmr12!
Missing character: There is no Ä in font cmr12!
Missing character: There is no ú in font cmr12!
Missing character: There is no ‚ in font cmr12!
Missing character: There is no Ä in font cmr12!
Missing character: There is no ù in font cmr12!
 [4pdfTeX warning (ext4): destination with the same identifier (name{figure.3})
 has been already used, duplicate ignored

\AtBegShi@Output ...ipout \box \AtBeginShipoutBox 
                                                  \fi \fi 
l.116 \item D
             escription: As a bitmessage user, I want the functionality to a...
 <./NewBackupRestoreDialogClass.jpg>]
Overfull \hbox (38.50533pt too wide) in paragraph at lines 125--126
[]\OT1/cmr/m/n/14.4 Method: We have added a method on[]action[]SubscriptionAddS
enderToAddressBook
 []

<F1_1.jpg, id=120, 465.99094pt x 240.14719pt>
File: F1_1.jpg Graphic file (type jpg)
 <use F1_1.jpg>
Package pdftex.def Info: F1_1.jpg used on input line 132.
(pdftex.def)             Requested size: 341.44331pt x 142.26456pt.
Missing character: There is no ‚ in font cmr12!
Missing character: There is no Ä in font cmr12!
Missing character: There is no ú in font cmr12!
Missing character: There is no ‚ in font cmr12!
Missing character: There is no Ä in font cmr12!
Missing character: There is no ù in font cmr12!
Missing character: There is no ‚ in font cmr12!
Missing character: There is no Ä in font cmr12!
Missing character: There is no ú in font cmr12!
Missing character: There is no ‚ in font cmr12!
Missing character: There is no Ä in font cmr12!
Missing character: There is no ù in font cmr12!

<F1_2.jpg, id=121, 469.755pt x 228.855pt>
File: F1_2.jpg Graphic file (type jpg)
 <use F1_2.jpg>
Package pdftex.def Info: F1_2.jpg used on input line 139.
(pdftex.def)             Requested size: 341.43456pt x 142.26926pt.
 [5pdfTeX warning (ext4): destination with the same identifier (name{figure.4})
 has been already used, duplicate ignored

\AtBegShi@Output ...ipout \box \AtBeginShipoutBox 
                                                  \fi \fi 
l.143 
       <./F1_1.jpg>] <F1_3.jpg, id=127, 469.755pt x 240.14719pt>
File: F1_3.jpg Graphic file (type jpg)

<use F1_3.jpg>
Package pdftex.def Info: F1_3.jpg used on input line 146.
(pdftex.def)             Requested size: 341.43456pt x 142.26456pt.

Overfull \hbox (3.07774pt too wide) in paragraph at lines 151--151
[]\OT1/cmr/bx/n/17.28 Feature: When re-ply-ing to a mes-sage, pop-u-late the 'f
rom'
 []

Missing character: There is no ‚ in font cmr12!
Missing character: There is no Ä in font cmr12!
Missing character: There is no ò in font cmr12!
Missing character: There is no ‚ in font cmr12!
Missing character: There is no Ä in font cmr12!
Missing character: There is no ô in font cmr12!
[6pdfTeX warning (ext4): destination with the same identifier (name{figure.5}) 
has been already used, duplicate ignored

\AtBegShi@Output ...ipout \box \AtBeginShipoutBox 
                                                  \fi \fi 
l.157 \begin{enumerate}
                       pdfTeX warning (ext4): destination with the same identif
ier (name{figure.6}) has been already used, duplicate ignored

\AtBegShi@Output ...ipout \box \AtBeginShipoutBox 
                                                  \fi \fi 
l.157 \begin{enumerate}
                        <./F1_2.jpg> <./F1_3.jpg>]
Missing character: There is no ‚ in font cmr12!
Missing character: There is no Ä in font cmr12!
Missing character: There is no ô in font cmr12!
Missing character: There is no ‚ in font cmr12!
Missing character: There is no Ä in font cmr12!
Missing character: There is no ô in font cmr12!
Missing character: There is no ‚ in font cmr12!
Missing character: There is no Ä in font cmr12!
Missing character: There is no ô in font cmr12!
Missing character: There is no ‚ in font cmr12!
Missing character: There is no Ä in font cmr12!
Missing character: There is no ò in font cmr12!
Missing character: There is no ‚ in font cmr12!
Missing character: There is no Ä in font cmr12!
Missing character: There is no ô in font cmr12!

<F2_1.jpg, id=136, 469.755pt x 180.675pt>
File: F2_1.jpg Graphic file (type jpg)
 <use F2_1.jpg>
Package pdftex.def Info: F2_1.jpg used on input line 183.
(pdftex.def)             Requested size: 341.43456pt x 142.26576pt.

<F2_2.jpg, id=137, 469.755pt x 184.43906pt>
File: F2_2.jpg Graphic file (type jpg)
 <use F2_2.jpg>
Package pdftex.def Info: F2_2.jpg used on input line 190.
(pdftex.def)             Requested size: 341.43456pt x 142.26335pt.
 [7pdfTeX warning (ext4): destination with the same identifier (name{figure.7})
 has been already used, duplicate ignored

\AtBegShi@Output ...ipout \box \AtBeginShipoutBox 
                                                  \fi \fi 
l.194 
       <./F2_1.jpg>] <F2_3.jpg, id=146, 469.755pt x 179.92218pt>
File: F2_3.jpg Graphic file (type jpg)

<use F2_3.jpg>
Package pdftex.def Info: F2_3.jpg used on input line 197.
(pdftex.def)             Requested size: 341.43456pt x 142.27423pt.
 <F2_4.jpg, id=147, 469.755pt x 210.7875pt>
File: F2_4.jpg Graphic file (type jpg)
 <use F2_4.jpg>
Package pdftex.def Info: F2_4.jpg used on input line 204.
(pdftex.def)             Requested size: 341.43456pt x 142.26578pt.

Underfull \hbox (badness 10000) in paragraph at lines 217--221

 []

[8pdfTeX warning (ext4): destination with the same identifier (name{figure.8}) 
has been already used, duplicate ignored

\AtBegShi@Output ...ipout \box \AtBeginShipoutBox 
                                                  \fi \fi 
l.221 \item P
             yInstaller:pdfTeX warning (ext4): destination with the same identi
fier (name{figure.9}) has been already used, duplicate ignored

\AtBegShi@Output ...ipout \box \AtBeginShipoutBox 
                                                  \fi \fi 
l.221 \item P
             yInstaller:pdfTeX warning (ext4): destination with the same identi
fier (name{figure.10}) has been already used, duplicate ignored

\AtBegShi@Output ...ipout \box \AtBeginShipoutBox 
                                                  \fi \fi 
l.221 \item P
             yInstaller: <./F2_2.jpg> <./F2_3.jpg> <./F2_4.jpg>]
Underfull \hbox (badness 10000) in paragraph at lines 221--223

 []


Underfull \hbox (badness 10000) in paragraph at lines 223--225

 []

[9]
Missing character: There is no ‚ in font cmr12!
Missing character: There is no Ä in font cmr12!
Missing character: There is no ô in font cmr12!
Missing character: There is no ‚ in font cmr12!
Missing character: There is no Ä in font cmr12!
Missing character: There is no ô in font cmr12!

Underfull \hbox (badness 10000) in paragraph at lines 234--240

 []


Underfull \hbox (badness 10000) in paragraph at lines 241--245

 []

[10]

LaTeX Warning: File `SE.jpg' not found on input line 258.


! Package pdftex.def Error: File `SE.jpg' not found.

See the pdftex.def package documentation for explanation.
Type  H <return>  for immediate help.
 ...                                              
                                                  
l.258 ...phics[width=7cm, keepaspectratio]{SE.jpg}
                                                  }
Using draft setting for this image.
Try typing  <return>  to proceed.
If that doesn't work, type  X <return>  to quit.


Underfull \hbox (badness 10000) in paragraph at lines 255--261

 []


LaTeX Warning: File `SE1.jpg' not found on input line 266.


! Package pdftex.def Error: File `SE1.jpg' not found.

See the pdftex.def package documentation for explanation.
Type  H <return>  for immediate help.
 ...                                              
                                                  
l.266 ...hics[width=7cm, keepaspectratio]{SE1.jpg}
                                                  }
Using draft setting for this image.
Try typing  <return>  to proceed.
If that doesn't work, type  X <return>  to quit.


Underfull \hbox (badness 10000) in paragraph at lines 263--269

 []

[11pdfTeX warning (ext4): destination with the same identifier (name{figure.11}
) has been already used, duplicate ignored

\AtBegShi@Output ...ipout \box \AtBeginShipoutBox 
                                                  \fi \fi 
l.270 
      ]

LaTeX Warning: File `SE2.jpg' not found on input line 274.


! Package pdftex.def Error: File `SE2.jpg' not found.

See the pdftex.def package documentation for explanation.
Type  H <return>  for immediate help.
 ...                                              
                                                  
l.274 ...hics[width=7cm, keepaspectratio]{SE2.jpg}
                                                  }
Using draft setting for this image.
Try typing  <return>  to proceed.
If that doesn't work, type  X <return>  to quit.


LaTeX Warning: File `SE3.jpg' not found on input line 282.


! Package pdftex.def Error: File `SE3.jpg' not found.

See the pdftex.def package documentation for explanation.
Type  H <return>  for immediate help.
 ...                                              
                                                  
l.282 ...hics[width=7cm, keepaspectratio]{SE3.jpg}
                                                  }
Using draft setting for this image.
Try typing  <return>  to proceed.
If that doesn't work, type  X <return>  to quit.

[12pdfTeX warning (ext4): destination with the same identifier (name{figure.12}
) has been already used, duplicate ignored

\AtBegShi@Output ...ipout \box \AtBeginShipoutBox 
                                                  \fi \fi 
l.286 
      pdfTeX warning (ext4): destination with the same identifier (name{figure.
13}) has been already used, duplicate ignored

\AtBegShi@Output ...ipout \box \AtBeginShipoutBox 
                                                  \fi \fi 
l.286 
      ]

LaTeX Warning: File `SE4.jpg' not found on input line 292.


! Package pdftex.def Error: File `SE4.jpg' not found.

See the pdftex.def package documentation for explanation.
Type  H <return>  for immediate help.
 ...                                              
                                                  
l.292 ...hics[width=7cm, keepaspectratio]{SE4.jpg}
                                                  }
Using draft setting for this image.
Try typing  <return>  to proceed.
If that doesn't work, type  X <return>  to quit.


LaTeX Warning: File `SE5.jpg' not found on input line 300.


! Package pdftex.def Error: File `SE5.jpg' not found.

See the pdftex.def package documentation for explanation.
Type  H <return>  for immediate help.
 ...                                              
                                                  
l.300 ...hics[width=7cm, keepaspectratio]{SE5.jpg}
                                                  }
Using draft setting for this image.
Try typing  <return>  to proceed.
If that doesn't work, type  X <return>  to quit.


Underfull \hbox (badness 10000) in paragraph at lines 297--303

 []

[13pdfTeX warning (ext4): destination with the same identifier (name{figure.14}
) has been already used, duplicate ignored

\AtBegShi@Output ...ipout \box \AtBeginShipoutBox 
                                                  \fi \fi 
l.304 \item  F
              inally it check version of Bitmessage from authenticated serve...
pdfTeX warning (ext4): destination with the same identifier (name{figure.15}) h
as been already used, duplicate ignored

\AtBegShi@Output ...ipout \box \AtBeginShipoutBox 
                                                  \fi \fi 
l.304 \item  F
              inally it check version of Bitmessage from authenticated serve...
] <./SE6.jpg, id=196, 676.5275pt x 312.16624pt>
File: ./SE6.jpg Graphic file (type jpg)
 <use ./SE6.jpg>
Package pdftex.def Info: ./SE6.jpg used on input line 307.
(pdftex.def)             Requested size: 199.16928pt x 91.90247pt.

Underfull \hbox (badness 10000) in paragraph at lines 304--310

 []

Package atveryend Info: Empty hook `BeforeClearDocument' on input line 322.
[14pdfTeX warning (ext4): destination with the same identifier (name{figure.16}
) has been already used, duplicate ignored

\AtBegShi@Output ...ipout \box \AtBeginShipoutBox 
                                                  \fi \fi 
l.322 \end{document}
                    pdfTeX warning (ext4): destination with the same identifier
 (name{figure.17}) has been already used, duplicate ignored

\AtBegShi@Output ...ipout \box \AtBeginShipoutBox 
                                                  \fi \fi 
l.322 \end{document}
                     <./SE6.jpg>]
Package atveryend Info: Empty hook `AfterLastShipout' on input line 322.
 (./Final_Report.aux)
Package atveryend Info: Executing hook `AtVeryEndDocument' on input line 322.
Package atveryend Info: Executing hook `AtEndAfterFileList' on input line 322.
Package rerunfilecheck Info: File `Final_Report.out' has not changed.
(rerunfilecheck)             Checksum: 31893228DA79305FBD24E9FB6CD60A3B;1325.


LaTeX Warning: There were multiply-defined labels.

Package atveryend Info: Empty hook `AtVeryVeryEnd' on input line 322.
 ) 
Here is how much of TeX's memory you used:
 6455 strings out of 493315
 95291 string characters out of 6131250
 187475 words of memory out of 5000000
 9752 multiletter control sequences out of 15000+600000
 12741 words of font info for 50 fonts, out of 8000000 for 9000
 957 hyphenation exceptions out of 8191
 29i,6n,32p,1691b,505s stack positions out of 5000i,500n,10000p,200000b,80000s
</home/abrahamx91/Programs/texlive/2013/texmf-dist/fonts/type1/public/amsfont
s/cm/cmbx12.pfb></home/abrahamx91/Programs/texlive/2013/texmf-dist/fonts/type1/
public/amsfonts/cm/cmr12.pfb></home/abrahamx91/Programs/texlive/2013/texmf-dist
/fonts/type1/public/amsfonts/cm/cmr17.pfb></home/abrahamx91/Programs/texlive/20
13/texmf-dist/fonts/type1/public/amsfonts/cm/cmsy10.pfb></home/abrahamx91/Progr
ams/texlive/2013/texmf-dist/fonts/type1/public/amsfonts/cm/cmtt12.pfb>
Output written on Final_Report.pdf (14 pages, 600881 bytes).
PDF statistics:
 240 PDF objects out of 1000 (max. 8388607)
 205 compressed objects within 3 object streams
 71 named destinations out of 1000 (max. 500000)
 216 words of extra memory for PDF output out of 10000 (max. 10000000)

